<?xml version="1.0" encoding="UTF-8"?>
<testng-results ignored="0" total="1" passed="1" failed="0" skipped="0">
  <reporter-output>
  </reporter-output>
  <suite started-at="2021-06-09T23:20:45 CDT" name="Default suite" finished-at="2021-06-09T23:20:49 CDT" duration-ms="3948">
    <groups>
    </groups>
    <test started-at="2021-06-09T23:20:45 CDT" name="Default test" finished-at="2021-06-09T23:20:49 CDT" duration-ms="3948">
      <class name="Ramaclass1Test">
        <test-method is-config="true" signature="urlopen()[pri:0, instance:Ramaclass1Test@123ef382]" started-at="2021-06-09T23:20:45 CDT" name="urlopen" finished-at="2021-06-09T23:20:47 CDT" duration-ms="2031" status="PASS">
          <reporter-output>
          </reporter-output>
        </test-method> <!-- urlopen -->
        <test-method signature="setup()[pri:0, instance:Ramaclass1Test@123ef382]" started-at="2021-06-09T23:20:47 CDT" name="setup" finished-at="2021-06-09T23:20:49 CDT" duration-ms="1758" status="PASS">
          <reporter-output>
          </reporter-output>
        </test-method> <!-- setup -->
        <test-method is-config="true" signature="closeurl()[pri:0, instance:Ramaclass1Test@123ef382]" started-at="2021-06-09T23:20:49 CDT" name="closeurl" finished-at="2021-06-09T23:20:49 CDT" duration-ms="127" status="PASS">
          <reporter-output>
          </reporter-output>
        </test-method> <!-- closeurl -->
      </class> <!-- Ramaclass1Test -->
    </test> <!-- Default test -->
  </suite> <!-- Default suite -->
</testng-results>
